<?xml version="1.0" encoding="UTF-8"?>
<!-- Generated by org.testng.reporters.JUnitReportReporter -->
<testsuite hostname="DESKTOP-S76SA9N" failures="0" tests="5" name="com.nexsoft.test.LoginTest" time="10.944" errors="0" timestamp="2022-06-16T00:19:15 ICT" skipped="0">
  <testcase classname="com.nexsoft.test.LoginTest" name="login_validUnameAndPassword" time="4.281"/>
  <system-out>
    <![CDATA[<img src='file://D:\Project\Java\TestNG\CicoolPOM\src\test\resources\ssLogin\20220616_001844.PNG'height="350" width="792"/>]]>
  </system-out>
  <testcase classname="com.nexsoft.test.LoginTest" name="login_validUname_notValidPassword" time="1.537"/>
  <system-out>
    <![CDATA[<img src='file://D:\Project\Java\TestNG\CicoolPOM\src\test\resources\ssLogin\20220616_001847.PNG'height="350" width="792"/>]]>
  </system-out>
  <testcase classname="com.nexsoft.test.LoginTest" name="login_notValidUnameAndPassword" time="2.084"/>
  <system-out>
    <![CDATA[<img src='file://D:\Project\Java\TestNG\CicoolPOM\src\test\resources\ssLogin\20220616_001849.PNG'height="350" width="792"/>]]>
  </system-out>
  <testcase classname="com.nexsoft.test.LoginTest" name="login_emptyFields" time="1.628"/>
  <system-out>
    <![CDATA[<img src='file://D:\Project\Java\TestNG\CicoolPOM\src\test\resources\ssLogin\20220616_001851.PNG'height="350" width="792"/>]]>
  </system-out>
  <testcase classname="com.nexsoft.test.LoginTest" name="checkForgetPassword" time="1.414"/>
  <system-out>
    <![CDATA[<img src='file://D:\Project\Java\TestNG\CicoolPOM\src\test\resources\ssLogin\20220616_001852.PNG'height="350" width="792"/>]]>
  </system-out>
</testsuite> <!-- com.nexsoft.test.LoginTest -->
