<?xml version="1.0" encoding="UTF-8"?>
<!-- Generated by org.testng.reporters.JUnitReportReporter -->
<testsuite hostname="DESKTOP-S76SA9N" failures="0" tests="1" name="com.nexsoft.test.LoginAndCRUDTest" time="2.058" errors="0" timestamp="2022-06-15T20:17:53 ICT" skipped="0">
  <testcase classname="com.nexsoft.test.LoginAndCRUDTest" name="loginAndGoToCRUD" time="2.058"/>
  <system-out/>
</testsuite> <!-- com.nexsoft.test.LoginAndCRUDTest -->
