<?xml version="1.0" encoding="UTF-8"?>
<!-- Generated by org.testng.reporters.JUnitReportReporter -->
<testsuite hostname="DESKTOP-S76SA9N" failures="0" tests="3" name="com.nexsoft.test.LoginAndCRUDTest" time="14.250" errors="0" timestamp="2022-06-16T00:19:15 ICT" skipped="0">
  <testcase classname="com.nexsoft.test.LoginAndCRUDTest" name="login_goToCRUD_TestDB" time="4.496"/>
  <system-out>
    <![CDATA[<img src='file://D:\Project\Java\TestNG\CicoolPOM\src\test\resources\ssCRUD\20220616_001905.PNG'height="350" width="792"/>]]>
  </system-out>
  <testcase classname="com.nexsoft.test.LoginAndCRUDTest" name="login_goToCRUD_Absensi" time="4.977"/>
  <system-out>
    <![CDATA[<img src='file://D:\Project\Java\TestNG\CicoolPOM\src\test\resources\ssCRUD\20220616_001900.PNG'height="350" width="792"/>]]>
  </system-out>
  <testcase classname="com.nexsoft.test.LoginAndCRUDTest" name="login_goToCRUD_UserBiodata" time="4.777"/>
  <system-out>
    <![CDATA[<img src='file://D:\Project\Java\TestNG\CicoolPOM\src\test\resources\ssCRUD\20220616_001910.PNG'height="350" width="792"/>]]>
  </system-out>
</testsuite> <!-- com.nexsoft.test.LoginAndCRUDTest -->
