<?xml version="1.0" encoding="UTF-8"?>
<!-- Generated by org.testng.reporters.JUnitReportReporter -->
<testsuite hostname="DESKTOP-S76SA9N" failures="0" tests="5" name="com.nexsoft.test.LoginBehaviourTest" time="8.589" errors="0" timestamp="2022-06-15T18:06:15 ICT" skipped="0">
  <testcase classname="com.nexsoft.test.LoginBehaviourTest" name="login_validUnameAndPassword" time="3.550"/>
  <system-out>
    <![CDATA[<img src='file://D:\Project\Java\TestNG\CicoolPOM\src\test\resources\ss\20220615_180605.PNG'height="350" width="792"/>]]>
  </system-out>
  <testcase classname="com.nexsoft.test.LoginBehaviourTest" name="login_validUname_notValidPassword" time="1.240"/>
  <system-out>
    <![CDATA[<img src='file://D:\Project\Java\TestNG\CicoolPOM\src\test\resources\ss\20220615_180608.PNG'height="350" width="792"/>]]>
  </system-out>
  <testcase classname="com.nexsoft.test.LoginBehaviourTest" name="login_notValidUnameAndPassword" time="1.200"/>
  <system-out>
    <![CDATA[<img src='file://D:\Project\Java\TestNG\CicoolPOM\src\test\resources\ss\20220615_180609.PNG'height="350" width="792"/>]]>
  </system-out>
  <testcase classname="com.nexsoft.test.LoginBehaviourTest" name="login_emptyFields" time="1.569"/>
  <system-out>
    <![CDATA[<img src='file://D:\Project\Java\TestNG\CicoolPOM\src\test\resources\ss\20220615_180611.PNG'height="350" width="792"/>]]>
  </system-out>
  <testcase classname="com.nexsoft.test.LoginBehaviourTest" name="checkForgetPassword" time="1.030"/>
  <system-out>
    <![CDATA[<img src='file://D:\Project\Java\TestNG\CicoolPOM\src\test\resources\ss\20220615_180612.PNG'height="350" width="792"/>]]>
  </system-out>
</testsuite> <!-- com.nexsoft.test.LoginBehaviourTest -->
