<?xml version="1.0" encoding="UTF-8"?>
<!-- Generated by org.testng.reporters.JUnitReportReporter -->
<testsuite hostname="DESKTOP-S76SA9N" failures="0" tests="5" name="com.nexsoft.test.LoginTest" time="14.540" errors="0" timestamp="2022-06-15T21:51:39 ICT" skipped="0">
  <testcase classname="com.nexsoft.test.LoginTest" name="login_validUnameAndPassword" time="3.708"/>
  <system-out>
    <![CDATA[<img src='file://D:\Project\Java\TestNG\CicoolPOM\src\test\resources\ss\20220615_215123.PNG'height="350" width="792"/>]]>
  </system-out>
  <testcase classname="com.nexsoft.test.LoginTest" name="login_validUname_notValidPassword" time="2.345"/>
  <system-out>
    <![CDATA[<img src='file://D:\Project\Java\TestNG\CicoolPOM\src\test\resources\ss\20220615_215127.PNG'height="350" width="792"/>]]>
  </system-out>
  <testcase classname="com.nexsoft.test.LoginTest" name="login_notValidUnameAndPassword" time="2.573"/>
  <system-out>
    <![CDATA[<img src='file://D:\Project\Java\TestNG\CicoolPOM\src\test\resources\ss\20220615_215130.PNG'height="350" width="792"/>]]>
  </system-out>
  <testcase classname="com.nexsoft.test.LoginTest" name="login_emptyFields" time="3.064"/>
  <system-out>
    <![CDATA[<img src='file://D:\Project\Java\TestNG\CicoolPOM\src\test\resources\ss\20220615_215133.PNG'height="350" width="792"/>]]>
  </system-out>
  <testcase classname="com.nexsoft.test.LoginTest" name="checkForgetPassword" time="2.850"/>
  <system-out>
    <![CDATA[<img src='file://D:\Project\Java\TestNG\CicoolPOM\src\test\resources\ss\20220615_215136.PNG'height="350" width="792"/>]]>
  </system-out>
</testsuite> <!-- com.nexsoft.test.LoginTest -->
