<?xml version="1.0" encoding="UTF-8"?>
<!-- Generated by org.testng.reporters.JUnitReportReporter -->
<testsuite hostname="DESKTOP-S76SA9N" failures="0" tests="1" name="com.nexsoft.test.LoginAndCRUD" time="4.101" errors="0" timestamp="2022-06-15T14:36:08 ICT" skipped="0">
  <testcase classname="com.nexsoft.test.LoginAndCRUD" name="loginAndGoToCRUD" time="4.101"/>
  <system-out/>
</testsuite> <!-- com.nexsoft.test.LoginAndCRUD -->
