<?xml version="1.0" encoding="UTF-8"?>
<!-- Generated by org.testng.reporters.JUnitReportReporter -->
<testsuite hostname="DESKTOP-S76SA9N" failures="0" tests="5" name="com.nexsoft.test.LoginTest" time="16.984" errors="0" timestamp="2022-06-15T21:55:13 ICT" skipped="0">
  <testcase classname="com.nexsoft.test.LoginTest" name="login_validUnameAndPassword" time="7.642"/>
  <system-out>
    <![CDATA[<img src='file://D:\Project\Java\TestNG\CicoolPOM\src\test\resources\ss\20220615_215458.PNG'height="350" width="792"/>]]>
  </system-out>
  <testcase classname="com.nexsoft.test.LoginTest" name="login_validUname_notValidPassword" time="2.252"/>
  <system-out>
    <![CDATA[<img src='file://D:\Project\Java\TestNG\CicoolPOM\src\test\resources\ss\20220615_215503.PNG'height="350" width="792"/>]]>
  </system-out>
  <testcase classname="com.nexsoft.test.LoginTest" name="login_notValidUnameAndPassword" time="2.254"/>
  <system-out>
    <![CDATA[<img src='file://D:\Project\Java\TestNG\CicoolPOM\src\test\resources\ss\20220615_215505.PNG'height="350" width="792"/>]]>
  </system-out>
  <testcase classname="com.nexsoft.test.LoginTest" name="login_emptyFields" time="2.770"/>
  <system-out>
    <![CDATA[<img src='file://D:\Project\Java\TestNG\CicoolPOM\src\test\resources\ss\20220615_215508.PNG'height="350" width="792"/>]]>
  </system-out>
  <testcase classname="com.nexsoft.test.LoginTest" name="checkForgetPassword" time="2.066"/>
  <system-out>
    <![CDATA[<img src='file://D:\Project\Java\TestNG\CicoolPOM\src\test\resources\ss\20220615_215510.PNG'height="350" width="792"/>]]>
  </system-out>
</testsuite> <!-- com.nexsoft.test.LoginTest -->
